<?xml version="1.0" encoding="UTF-8"?>
<!-- Generated by org.testng.reporters.JUnitReportReporter -->
<testsuite skipped="0" hostname="MN10LT5TYMGC2" name="qaclickacademy.APITest" tests="2" failures="0" timestamp="09 Feb 2019 02:34:11 GMT" time="0.024" errors="0">
  <testcase name="elementsAPI" time="0.001" classname="qaclickacademy.APITest"/>
  <testcase name="APIAutomation" time="0.023" classname="qaclickacademy.APITest"/>
</testsuite> <!-- qaclickacademy.APITest -->
